<?xml version="1.0" encoding="UTF-8" ?>
<testsuite tests="1" failures="0" name="fr.fidtec.beans.BasicPersonneBean_Test" time="0.023" errors="0" skipped="0">
  <properties>
    <property name="jansi.mode" value="force"/>
    <property name="java.runtime.name" value="OpenJDK Runtime Environment"/>
    <property name="java.vm.version" value="17.0.2+8-86"/>
    <property name="sun.boot.library.path" value="C:\HOMEWARE\02 - JDK\openjdk-17.0.2_windows-x64_bin\bin"/>
    <property name="maven.multiModuleProjectDirectory" value="F:\GitLocal\00_OnGitHub\snippets_java_1x\POC_Lombok"/>
    <property name="java.vm.vendor" value="Oracle Corporation"/>
    <property name="java.vendor.url" value="https://java.oracle.com/"/>
    <property name="guice.disable.misplaced.annotation.check" value="true"/>
    <property name="path.separator" value=";"/>
    <property name="java.vm.name" value="OpenJDK 64-Bit Server VM"/>
    <property name="sun.os.patch.level" value=""/>
    <property name="user.script" value=""/>
    <property name="user.country" value="FR"/>
    <property name="sun.java.launcher" value="SUN_STANDARD"/>
    <property name="java.vm.specification.name" value="Java Virtual Machine Specification"/>
    <property name="user.dir" value="F:\GitLocal\00_OnGitHub\snippets_java_1x\POC_Lombok"/>
    <property name="java.vm.compressedOopsMode" value="Zero based"/>
    <property name="java.runtime.version" value="17.0.2+8-86"/>
    <property name="os.arch" value="amd64"/>
    <property name="java.io.tmpdir" value="C:\Users\fidele\AppData\Local\Temp\"/>
    <property name="line.separator" value="
"/>
    <property name="java.vm.specification.vendor" value="Oracle Corporation"/>
    <property name="user.variant" value=""/>
    <property name="stderr.encoding" value="UTF-8"/>
    <property name="os.name" value="Windows 11"/>
    <property name="classworlds.conf" value="F:\WS_Eclipse\00_OnGitHub\snippets-java-11\.metadata\.plugins\org.eclipse.m2e.launching\launches\m2conf4036382224381330332.tmp"/>
    <property name="sun.jnu.encoding" value="Cp1252"/>
    <property name="stdout.encoding" value="UTF-8"/>
    <property name="java.library.path" value="C:\HOMEWARE\02 - JDK\openjdk-17.0.2_windows-x64_bin\bin;C:\Windows\Sun\Java\bin;C:\Windows\system32;C:\Windows;C:/HOMEWARE/04 - IDE/eclipse-jee-2023-12-R-win32-x86_64//plugins/org.eclipse.justj.openjdk.hotspot.jre.full.win32.x86_64_17.0.9.v20231028-0858/jre/bin/server;C:/HOMEWARE/04 - IDE/eclipse-jee-2023-12-R-win32-x86_64//plugins/org.eclipse.justj.openjdk.hotspot.jre.full.win32.x86_64_17.0.9.v20231028-0858/jre/bin;C:\Windows\system32;C:\Windows;C:\Windows\System32\Wbem;C:\Windows\System32\WindowsPowerShell\v1.0\;C:\Windows\System32\OpenSSH\;C:\Program Files\dotnet\;C:\HOMEWARE\02 - JDK\openjdk-17.0.2_windows-x64_bin\\bin;C:\HOMEWARE\01 - Apache Maven\apache-maven-3.8.6\bin;C:\HOMEWARE\99 - Tools\git\bin;C:\Users\fidele\AppData\Local\Programs\WingetUI\choco-cli\bin;C:\Users\fidele\AppData\Local\Microsoft\WindowsApps;C:\Users\fidele\.dotnet\tools;C:\Users\fidele\AppData\Local\Programs\WingetUI\choco-cli\bin;C:\Users\fidele\.dotnet\tools;C:\HOMEWARE\04 - IDE\eclipse-jee-2023-12-R-win32-x86_64;;."/>
    <property name="jdk.debug" value="release"/>
    <property name="java.class.version" value="61.0"/>
    <property name="java.specification.name" value="Java Platform API Specification"/>
    <property name="sun.management.compiler" value="HotSpot 64-Bit Tiered Compilers"/>
    <property name="os.version" value="10.0"/>
    <property name="user.home" value="C:\Users\fidele"/>
    <property name="user.timezone" value="Europe/Paris"/>
    <property name="file.encoding" value="UTF-8"/>
    <property name="java.specification.version" value="17"/>
    <property name="user.name" value="fidele"/>
    <property name="java.class.path" value="C:\HOMEWARE\01 - Apache Maven\apache-maven-3.8.6\boot\plexus-classworlds-2.6.0.jar"/>
    <property name="java.vm.specification.version" value="17"/>
    <property name="sun.arch.data.model" value="64"/>
    <property name="sun.java.command" value="org.codehaus.plexus.classworlds.launcher.Launcher -B -Dstyle.color=always -gs C:\HOMEWARE\01 - Apache Maven\apache-maven-3.8.6\conf\settings.xml -s C:\HOMEWARE\01 - Apache Maven\apache-maven-3.8.6\conf\settings.xml clean install"/>
    <property name="java.home" value="C:\HOMEWARE\02 - JDK\openjdk-17.0.2_windows-x64_bin"/>
    <property name="user.language" value="fr"/>
    <property name="java.specification.vendor" value="Oracle Corporation"/>
    <property name="java.vm.info" value="mixed mode, sharing"/>
    <property name="java.version" value="17.0.2"/>
    <property name="native.encoding" value="Cp1252"/>
    <property name="java.vendor" value="Oracle Corporation"/>
    <property name="maven.home" value="C:\HOMEWARE\01 - Apache Maven\apache-maven-3.8.6"/>
    <property name="style.color" value="always"/>
    <property name="file.separator" value="\"/>
    <property name="java.version.date" value="2022-01-18"/>
    <property name="java.vendor.url.bug" value="https://bugreport.java.com/bugreport/"/>
    <property name="sun.io.unicode.encoding" value="UnicodeLittle"/>
    <property name="sun.cpu.endian" value="little"/>
    <property name="sun.cpu.isalist" value="amd64"/>
  </properties>
  <testcase classname="fr.fidtec.beans.BasicPersonneBean_Test" name="CreatePersonne_Test" time="0.023"/>
</testsuite>